Graph: 

vertex[0]->1,5->2,3->4,2->NULL
vertex[1]->2,2->3,6->NULL
vertex[2]->1,1->3,2->NULL
vertex[3]->NULL
vertex[4]->1,6->2,10->3,4->NULL

source: 0

The distance from 0 to 1 is 4
The shortest path from 0 to 1 is with hops:
0 to 2 of weight 3
2 to 1 of weight 1

The distance from 0 to 2 is 3
The shortest path from 0 to 2 is with hops:
0 to 2 of weight 3

The distance from 0 to 3 is 5
The shortest path from 0 to 3 is with hops:
0 to 2 of weight 3
2 to 3 of weight 2

The distance from 0 to 4 is 2
The shortest path from 0 to 4 is with hops:
0 to 4 of weight 2

source: 1

No path from 1 to 0

The distance from 1 to 2 is 2
The shortest path from 1 to 2 is with hops:
1 to 2 of weight 2

The distance from 1 to 3 is 4
The shortest path from 1 to 3 is with hops:
1 to 2 of weight 2
2 to 3 of weight 2

No path from 1 to 4

source: 3

No path from 3 to 0

No path from 3 to 1

No path from 3 to 2

No path from 3 to 4

source: 4

No path from 4 to 0

The distance from 4 to 1 is 6
The shortest path from 4 to 1 is with hops:
4 to 1 of weight 6

The distance from 4 to 2 is 8
The shortest path from 4 to 2 is with hops:
4 to 1 of weight 6
1 to 2 of weight 2

The distance from 4 to 3 is 4
The shortest path from 4 to 3 is with hops:
4 to 3 of weight 4